{
"/Users/allenchang/Desktop/dev/project-penguin/test/controllers/mock.controller.js":{"path":"/Users/allenchang/Desktop/dev/project-penguin/test/controllers/mock.controller.js","s":{"1":1,"2":1,"3":1,"4":1,"5":1,"6":1,"7":1,"8":1},"b":{"1":[0,1],"2":[1,1]},"f":{"1":1,"2":1,"3":1},"fnMap":{"1":{"loc":{"start":{"line":0,"column":0},"end":{"line":0,"column":0},"skip":true},"skip":true,"line":9,"name":"_interopRequireDefault"},"2":{"loc":{"start":{"line":16,"column":22},"end":{"line":16,"column":28}},"line":24,"name":"(anonymous_2)"},"3":{"loc":{"start":{"line":17,"column":20},"end":{"line":17,"column":26}},"line":25,"name":"(anonymous_3)"}},"statementMap":{"1":{"start":{"line":0,"column":0},"end":{"line":0,"column":0},"skip":true},"2":{"start":{"line":0,"column":0},"end":{"line":0,"column":0},"skip":true},"3":{"start":{"line":0,"column":0},"end":{"line":0,"column":0},"skip":true},"4":{"start":{"line":0,"column":0},"end":{"line":0,"column":0},"skip":true},"5":{"start":{"line":0,"column":0},"end":{"line":0,"column":0},"skip":true},"6":{"end":{"line":20,"column":3},"start":{"line":16,"column":0}},"7":{"end":{"line":19,"column":5},"start":{"line":17,"column":2}},"8":{"end":{"line":18,"column":28},"start":{"line":18,"column":4}}},"branchMap":{"1":{"line":9,"type":"cond-expr","locations":[{"start":{"line":0,"column":0},"end":{"line":0,"column":0},"skip":true},{"start":{"line":0,"column":0},"end":{"line":0,"column":0},"skip":true}]},"2":{"line":9,"type":"binary-expr","locations":[{"start":{"line":0,"column":0},"end":{"line":0,"column":0},"skip":true},{"start":{"line":0,"column":0},"end":{"line":0,"column":0},"skip":true}]}},"l":{"0":1,"16":1,"17":1,"18":1}}}
